TN:
SF:controllers\taskController.js
FN:6,(anonymous_0)
FN:27,(anonymous_1)
FN:41,(anonymous_2)
FNF:3
FNH:3
FNDA:2,(anonymous_0)
FNDA:4,(anonymous_1)
FNDA:3,(anonymous_2)
DA:1,1
DA:2,1
DA:3,1
DA:6,1
DA:7,2
DA:8,2
DA:9,2
DA:11,2
DA:19,1
DA:21,1
DA:22,1
DA:27,1
DA:28,4
DA:29,4
DA:30,4
DA:31,3
DA:33,2
DA:34,1
DA:36,1
DA:41,1
DA:42,3
DA:43,3
DA:44,3
DA:46,2
DA:48,1
DA:49,1
DA:51,1
DA:53,1
LF:28
LH:28
BRDA:30,0,0,1
BRDA:30,0,1,3
BRDA:31,1,0,1
BRDA:31,1,1,2
BRDA:46,2,0,1
BRDA:46,2,1,1
BRF:6
BRH:6
end_of_record
